2018-12-01 09:36:49.049  INFO 10804 --- [main] cn.BootApplication                       : Starting BootApplication on yan with PID 10804 (C:\Users\13654\Desktop\boot\target\classes started by 13654 in C:\Users\13654\Desktop\boot)
2018-12-01 09:36:49.077  INFO 10804 --- [main] cn.BootApplication                       : The following profiles are active: dev
2018-12-01 09:36:55.525  INFO 10804 --- [main] .s.d.r.c.RepositoryConfigurationDelegate : Multiple Spring Data modules found, entering strict repository configuration mode!
2018-12-01 09:36:55.532  INFO 10804 --- [main] .s.d.r.c.RepositoryConfigurationDelegate : Bootstrapping Spring Data repositories in DEFAULT mode.
2018-12-01 09:36:55.613  INFO 10804 --- [main] .s.d.r.c.RepositoryConfigurationDelegate : Finished Spring Data repository scanning in 18ms. Found 0 repository interfaces.
2018-12-01 09:36:56.568  INFO 10804 --- [main] trationDelegate$BeanPostProcessorChecker : Bean 'org.springframework.transaction.annotation.ProxyTransactionManagementConfiguration' of type [org.springframework.transaction.annotation.ProxyTransactionManagementConfiguration$$EnhancerBySpringCGLIB$$32ca0683] is not eligible for getting processed by all BeanPostProcessors (for example: not eligible for auto-proxying)
2018-12-01 09:36:56.646  INFO 10804 --- [main] trationDelegate$BeanPostProcessorChecker : Bean 'cn.config.RedisConfiguration$DataJedisProperties' of type [cn.config.RedisConfiguration$DataJedisProperties] is not eligible for getting processed by all BeanPostProcessors (for example: not eligible for auto-proxying)
2018-12-01 09:36:56.947  INFO 10804 --- [main] trationDelegate$BeanPostProcessorChecker : Bean 'jedisConnectionFactory' of type [org.springframework.data.redis.connection.jedis.JedisConnectionFactory] is not eligible for getting processed by all BeanPostProcessors (for example: not eligible for auto-proxying)
2018-12-01 09:36:56.949  INFO 10804 --- [main] trationDelegate$BeanPostProcessorChecker : Bean 'redisConfiguration' of type [cn.config.RedisConfiguration$$EnhancerBySpringCGLIB$$8a5c042c] is not eligible for getting processed by all BeanPostProcessors (for example: not eligible for auto-proxying)
2018-12-01 09:36:58.100  INFO 10804 --- [main] o.s.b.w.embedded.tomcat.TomcatWebServer  : Tomcat initialized with port(s): 8080 (http)
2018-12-01 09:36:58.166  INFO 10804 --- [main] o.apache.catalina.core.StandardService   : Starting service [Tomcat]
2018-12-01 09:36:58.167  INFO 10804 --- [main] org.apache.catalina.core.StandardEngine  : Starting Servlet Engine: Apache Tomcat/9.0.12
2018-12-01 09:36:58.174  INFO 10804 --- [main] o.a.catalina.core.AprLifecycleListener   : The APR based Apache Tomcat Native library which allows optimal performance in production environments was not found on the java.library.path: [C:\Program Files\Java\jdk1.8.0_181\bin;C:\Windows\Sun\Java\bin;C:\Windows\system32;C:\Windows;C:\Program Files\Java\jdk1.7.0_79\bin;C:\Program Files\Java\jdk1.7.0_79\jre\bin;C:\Windows\system32;C:\Windows;C:\Windows\System32\Wbem;C:\Windows\System32\WindowsPowerShell\v1.0\;C:\Windows\System32\OpenSSH\;D:\Microsoft VS Code\bin;C:\Program Files (x86)\NVIDIA Corporation\PhysX\Common;C:\Program Files\MySQL\MySQL Server 5.5\bin;D:\tomcat-7.0\bin;%CATALINA_HOME%\lib;%CATALINA_HOME%\bin;D:\Program Files\maven\bin;C:\Program Files\TortoiseSVN\bin;E:\Git\cmd;C:\Users\13654\AppData\Local\Microsoft\WindowsApps;D:\Microsoft VS Code\bin;D:\tomcat\bin;;C:\Program Files (x86)\SSH Communications Security\SSH Secure Shell;.]
2018-12-01 09:36:58.666  INFO 10804 --- [main] o.a.c.c.C.[Tomcat].[localhost].[/]       : Initializing Spring embedded WebApplicationContext
2018-12-01 09:36:58.668  INFO 10804 --- [main] o.s.web.context.ContextLoader            : Root WebApplicationContext: initialization completed in 8708 ms
2018-12-01 09:36:58.819  INFO 10804 --- [main] o.s.b.w.servlet.ServletRegistrationBean  : Servlet dispatcherServlet mapped to [/]
2018-12-01 09:36:58.821  INFO 10804 --- [main] o.s.b.w.servlet.ServletRegistrationBean  : Servlet statViewServlet mapped to [/druid/*]
2018-12-01 09:36:58.831  INFO 10804 --- [main] o.s.b.w.servlet.FilterRegistrationBean   : Mapping filter: 'characterEncodingFilter' to: [/*]
2018-12-01 09:36:58.831  INFO 10804 --- [main] o.s.b.w.servlet.FilterRegistrationBean   : Mapping filter: 'hiddenHttpMethodFilter' to: [/*]
2018-12-01 09:36:58.831  INFO 10804 --- [main] o.s.b.w.servlet.FilterRegistrationBean   : Mapping filter: 'formContentFilter' to: [/*]
2018-12-01 09:36:58.831  INFO 10804 --- [main] o.s.b.w.servlet.FilterRegistrationBean   : Mapping filter: 'requestContextFilter' to: [/*]
2018-12-01 09:36:58.832  INFO 10804 --- [main] o.s.b.w.servlet.FilterRegistrationBean   : Mapping filter: 'webStatFilter' to urls: [/*]
2018-12-01 09:36:59.169  INFO 10804 --- [main] c.a.d.s.b.a.DruidDataSourceAutoConfigure : Init DruidDataSource
2018-12-01 09:36:59.822  INFO 10804 --- [main] com.alibaba.druid.pool.DruidDataSource   : {dataSource-1} inited
2018-12-01 09:37:01.995  INFO 10804 --- [main] o.s.s.concurrent.ThreadPoolTaskExecutor  : Initializing ExecutorService 'applicationTaskExecutor'
2018-12-01 09:37:02.792  INFO 10804 --- [main] d.s.w.p.DocumentationPluginsBootstrapper : Context refreshed
2018-12-01 09:37:02.873  INFO 10804 --- [main] d.s.w.p.DocumentationPluginsBootstrapper : Found 1 custom documentation plugin(s)
2018-12-01 09:37:02.918  INFO 10804 --- [main] s.d.s.w.s.ApiListingReferenceScanner     : Scanning for api listing references
2018-12-01 09:37:03.557  INFO 10804 --- [main] o.s.b.w.embedded.tomcat.TomcatWebServer  : Tomcat started on port(s): 8080 (http) with context path ''
2018-12-01 09:37:03.560  INFO 10804 --- [main] cn.BootApplication                       : Started BootApplication in 18.718 seconds (JVM running for 28.707)
2018-12-01 09:37:37.645  INFO 10804 --- [http-nio-8080-exec-1] o.a.c.c.C.[Tomcat].[localhost].[/]       : Initializing Spring DispatcherServlet 'dispatcherServlet'
2018-12-01 09:37:37.645  INFO 10804 --- [http-nio-8080-exec-1] o.s.web.servlet.DispatcherServlet        : Initializing Servlet 'dispatcherServlet'
2018-12-01 09:37:37.653  INFO 10804 --- [http-nio-8080-exec-1] o.s.web.servlet.DispatcherServlet        : Completed initialization in 8 ms
